Log file open, 01/16/19 21:39:25
LogWindows: Failed to load 'aqProf.dll' (GetLastError=126)
LogWindows: File 'aqProf.dll' does not exist
LogWindows: Failed to load 'VSPerf140.dll' (GetLastError=126)
LogWindows: File 'VSPerf140.dll' does not exist
LogWindows: Failed to load 'VtuneApi.dll' (GetLastError=126)
LogWindows: File 'VtuneApi.dll' does not exist
LogWindows: Failed to load 'VtuneApi32e.dll' (GetLastError=126)
LogWindows: File 'VtuneApi32e.dll' does not exist
LogInit: Display: Running engine for game: IR_ICWB001_AP
LogPlatformFile: Not using cached read wrapper
LogTaskGraph: Started task graph with 5 named threads and 23 total threads with 3 sets of task threads.
LogStats: Stats thread started at 2.804447
LogD3D11RHI: Loaded GFSDK_Aftermath_Lib.x64.dll
LogICUInternationalization: Display: ICU TimeZone Detection - Raw Offset: -7:00, Platform Override: ''
LogPluginManager: Mounting plugin Paper2D
LogPluginManager: Mounting plugin AISupport
LogPluginManager: Mounting plugin LightPropagationVolume
LogPluginManager: Mounting plugin CLionSourceCodeAccess
LogPluginManager: Mounting plugin CodeLiteSourceCodeAccess
LogPluginManager: Mounting plugin GitSourceControl
LogPluginManager: Mounting plugin KDevelopSourceCodeAccess
LogPluginManager: Mounting plugin NullSourceCodeAccess
LogPluginManager: Mounting plugin PerforceSourceControl
LogPluginManager: Mounting plugin SubversionSourceControl
LogPluginManager: Mounting plugin UObjectPlugin
LogPluginManager: Mounting plugin VisualStudioCodeSourceCodeAccess
LogPluginManager: Mounting plugin VisualStudioSourceCodeAccess
LogPluginManager: Mounting plugin XCodeSourceCodeAccess
LogPluginManager: Mounting plugin AssetManagerEditor
LogPluginManager: Mounting plugin CryptoKeys
LogPluginManager: Mounting plugin DataValidation
LogPluginManager: Mounting plugin FacialAnimation
LogPluginManager: Mounting plugin GameplayTagsEditor
LogPluginManager: Mounting plugin MacGraphicsSwitching
LogPluginManager: Mounting plugin MeshEditor
LogPluginManager: Mounting plugin MobileLauncherProfileWizard
LogPluginManager: Mounting plugin PluginBrowser
LogPluginManager: Mounting plugin SpeedTreeImporter
LogPluginManager: Mounting plugin DatasmithContent
LogPluginManager: Mounting plugin AlembicImporter
LogPluginManager: Mounting plugin AppleImageUtils
LogPluginManager: Mounting plugin AppleVision
LogPluginManager: Mounting plugin BackChannel
LogPluginManager: Mounting plugin CharacterAI
LogPluginManager: Mounting plugin GeometryCache
LogPluginManager: Mounting plugin HTML5Networking
LogPluginManager: Mounting plugin ProxyLODPlugin
LogPluginManager: Mounting plugin MagicLeap
LogPluginManager: Mounting plugin MagicLeapEmulator
LogPluginManager: Mounting plugin MagicLeapMedia
LogPluginManager: Mounting plugin AndroidMedia
LogPluginManager: Mounting plugin AvfMedia
LogPluginManager: Mounting plugin ImgMedia
LogPluginManager: Mounting plugin LinearTimecode
LogPluginManager: Mounting plugin MediaCompositing
LogPluginManager: Mounting plugin MediaPlayerEditor
LogPluginManager: Mounting plugin WmfMedia
LogPluginManager: Mounting plugin TcpMessaging
LogPluginManager: Mounting plugin UdpMessaging
LogPluginManager: Mounting plugin ActorSequence
LogPluginManager: Mounting plugin LevelSequenceEditor
LogPluginManager: Mounting plugin MatineeToLevelSequence
LogPluginManager: Mounting plugin NetcodeUnitTest
LogPluginManager: Mounting plugin NUTUnrealEngine4
LogPluginManager: Mounting plugin OnlineSubsystemGooglePlay
LogPluginManager: Mounting plugin OnlineSubsystemIOS
LogPluginManager: Mounting plugin OnlineSubsystem
LogPluginManager: Mounting plugin OnlineSubsystemNull
LogPluginManager: Mounting plugin OnlineSubsystemUtils
LogPluginManager: Mounting plugin LauncherChunkInstaller
LogPluginManager: Mounting plugin AndroidDeviceProfileSelector
LogPluginManager: Mounting plugin AndroidMoviePlayer
LogPluginManager: Mounting plugin AndroidPermission
LogPluginManager: Mounting plugin AppleMoviePlayer
LogPluginManager: Mounting plugin ArchVisCharacter
LogPluginManager: Mounting plugin AudioCapture
LogPluginManager: Mounting plugin CableComponent
LogPluginManager: Mounting plugin CustomMeshComponent
LogPluginManager: Mounting plugin EditableMesh
LogPluginManager: Mounting plugin ExampleDeviceProfileSelector
LogPluginManager: Mounting plugin GoogleCloudMessaging
LogPluginManager: Mounting plugin ImmediatePhysics
LogPluginManager: Mounting plugin IOSDeviceProfileSelector
LogPluginManager: Mounting plugin LinuxDeviceProfileSelector
LogPluginManager: Mounting plugin LocationServicesBPLibrary
LogPluginManager: Mounting plugin MobilePatchingUtils
LogPluginManager: Mounting plugin OculusVR
LogPluginManager: Plugin shader directory ../../../Engine/Plugins/Runtime/Oculus/OculusVR/Shaders found
LogPluginManager: Mapping shader source directory ../../../Engine/Plugins/Runtime/Oculus/OculusVR/Shaders to virtual directory /Plugin/OculusVR
LogPluginManager: Mounting plugin PhysXVehicles
LogPluginManager: Mounting plugin ProceduralMeshComponent
LogPluginManager: Mounting plugin RuntimePhysXCooking
LogPluginManager: Mounting plugin SteamVR
LogPluginManager: Mounting plugin WindowsMoviePlayer
LogStreaming: Display: Took  0.230s to configure plugins.
LogInit: Using libcurl 7.55.1-DEV
LogInit:  - built for x86_64-pc-win32
LogInit:  - supports SSL with OpenSSL/1.0.2h
LogInit:  - supports HTTP deflate (compression) using libz 1.2.8
LogInit:  - other features:
LogInit:      CURL_VERSION_SSL
LogInit:      CURL_VERSION_LIBZ
LogInit:      CURL_VERSION_IPV6
LogInit:      CURL_VERSION_ASYNCHDNS
LogInit:      CURL_VERSION_LARGEFILE
LogInit:      CURL_VERSION_IDN
LogInit:  CurlRequestOptions (configurable via config and command line):
LogInit:  - bVerifyPeer = false  - Libcurl will NOT verify peer certificate
LogInit:  - bUseHttpProxy = false  - Libcurl will NOT use HTTP proxy
LogInit:  - bDontReuseConnections = false  - Libcurl will reuse connections
LogInit:  - CertBundlePath = nullptr  - Libcurl will use whatever was configured at build time.
LogInit:  - MaxHostConnections = 16  - Libcurl will limit the number of connections to a host
LogInit:  - LocalHostAddr = Default
LogInit:  - BufferSize = 65536
LogInit: WinSock: version 1.1 (2.2), MaxSocks=32767, MaxUdp=65467
LogInit: Build: ++UE4+Release-4.20-CL-4369336
LogInit: Engine Version: 4.20.3-4369336+++UE4+Release-4.20
LogInit: Compatible Engine Version: 4.20.0-4212847+++UE4+Release-4.20
LogInit: Net CL: 4212847
LogInit: OS: Windows 10 (), CPU: AMD FX(tm)-8320 Eight-Core Processor           , GPU: AMD Radeon R9 200 / HD 7900 Series
LogInit: Compiled (64-bit): Sep 17 2018 12:26:19
LogInit: Compiled with Visual C++: 19.13.26129.00
LogInit: Build Configuration: Development
LogInit: Branch Name: ++UE4+Release-4.20
LogInit: Command Line:  
LogInit: Base Directory: G:/Seagate Program Files/Epic Games/UE_4.20/Engine/Binaries/Win64/
LogInit: Installed Engine Build: 1
LogDevObjectVersion: Number of dev versions registered: 20
LogDevObjectVersion:   Dev-Blueprints (B0D832E4-1F89-4F0D-ACCF-7EB736FD4AA2): 10
LogDevObjectVersion:   Dev-Build (E1C64328-A22C-4D53-A36C-8E866417BD8C): 0
LogDevObjectVersion:   Dev-Core (375EC13C-06E4-48FB-B500-84F0262A717E): 2
LogDevObjectVersion:   Dev-Editor (E4B068ED-F494-42E9-A231-DA0B2E46BB41): 24
LogDevObjectVersion:   Dev-Framework (CFFC743F-43B0-4480-9391-14DF171D2073): 34
LogDevObjectVersion:   Dev-Mobile (B02B49B5-BB20-44E9-A304-32B752E40360): 2
LogDevObjectVersion:   Dev-Networking (A4E4105C-59A1-49B5-A7C5-40C4547EDFEE): 0
LogDevObjectVersion:   Dev-Online (39C831C9-5AE6-47DC-9A44-9C173E1C8E7C): 0
LogDevObjectVersion:   Dev-Physics (78F01B33-EBEA-4F98-B9B4-84EACCB95AA2): 0
LogDevObjectVersion:   Dev-Platform (6631380F-2D4D-43E0-8009-CF276956A95A): 0
LogDevObjectVersion:   Dev-Rendering (12F88B9F-8875-4AFC-A67C-D90C383ABD29): 26
LogDevObjectVersion:   Dev-Sequencer (7B5AE74C-D270-4C10-A958-57980B212A5A): 9
LogDevObjectVersion:   Dev-VR (D7296918-1DD6-4BDD-9DE2-64A83CC13884): 2
LogDevObjectVersion:   Dev-LoadTimes (C2A15278-BFE7-4AFE-6C17-90FF531DF755): 1
LogDevObjectVersion:   Private-Geometry (6EACA3D4-40EC-4CC1-B786-8BED09428FC5): 3
LogDevObjectVersion:   Dev-AnimPhys (29E575DD-E0A3-4627-9D10-D276232CDCEA): 17
LogDevObjectVersion:   Dev-ReflectionCapture (6B266CEC-1EC7-4B8F-A30B-E4D90942FC07): 1
LogDevObjectVersion:   Dev-Automation (0DF73D61-A23F-47EA-B727-89E90C41499A): 1
LogDevObjectVersion:   FortniteMain (601D1886-AC64-4F84-AA16-D3DE0DEAC7D6): 12
LogDevObjectVersion:   Dev-Enterprise (9DFFBCD6-494F-0158-E221-12823C92A888): 1
LogStreaming: Display: Took  0.001s to delete old logs.
LogInit: Presizing for max 8388607 objects, including 0 objects not considered by GC, pre-allocating 0 bytes for permanent pool.
LogInit: Object subsystem initialized
[2019.01.17-04.39.26:875][  0]LogInit: Selected Device Profile: [Windows]
[2019.01.17-04.39.26:877][  0]LogInit: Applying CVar settings loaded from the selected device profile: [Windows]
[2019.01.17-04.39.26:916][  0]LogHAL: Display: Platform has ~ 8 GB [8571179008 / 8589934592 / 8], which maps to Default [LargestMinGB=32, LargerMinGB=12, DefaultMinGB=8, SmallerMinGB=6, SmallestMinGB=0)
[2019.01.17-04.39.26:921][  0]LogInit: Setting Device Profile CVar: [[r.Vulkan.UseRealUBs:1]]
[2019.01.17-04.39.26:922][  0]LogInit: Going up to parent DeviceProfile []
[2019.01.17-04.39.26:935][  0]LogInit: Computer: DESKTOP-L7G3GIQ
[2019.01.17-04.39.26:935][  0]LogInit: User: ianra
[2019.01.17-04.39.26:935][  0]LogInit: CPU Page size=4096, Cores=4
[2019.01.17-04.39.26:935][  0]LogInit: High frequency timer resolution =3.433384 MHz
[2019.01.17-04.39.26:935][  0]LogMemory: Memory total: Physical=8.0GB (8GB approx)
[2019.01.17-04.39.26:935][  0]LogMemory: Platform Memory Stats for Windows
[2019.01.17-04.39.26:936][  0]LogMemory: Process Physical Memory: 100.23 MB used, 100.23 MB peak
[2019.01.17-04.39.26:936][  0]LogMemory: Process Virtual Memory: 91.83 MB used, 91.83 MB peak
[2019.01.17-04.39.26:936][  0]LogMemory: Physical Memory: 6973.77 MB used,  1200.34 MB free, 8174.11 MB total
[2019.01.17-04.39.26:936][  0]LogMemory: Virtual Memory: 4641.46 MB used,  1200.34 MB free, 134217728.00 MB total
[2019.01.17-04.39.27:432][  0]LogInit: Using OS detected language (en-US).
[2019.01.17-04.39.27:432][  0]LogInit: Using OS detected locale (en-US).
[2019.01.17-04.39.27:451][  0]LogTextLocalizationManager: No specific localization for 'en-US' exists, so the 'en' localization will be used.
[2019.01.17-04.39.28:276][  0]LogStreaming: Display: Took  0.845s to InitEngineTextLocalization.
[2019.01.17-04.39.28:278][  0]LogInit: Setting process to per monitor DPI aware
[2019.01.17-04.39.28:555][  0]LogSlate: New Slate User Created.  User Index 0, Is Virtual User: 0
[2019.01.17-04.39.28:555][  0]LogSlate: Slate User Registered.  User Index 0, Is Virtual User: 0
[2019.01.17-04.39.32:891][  0]LogHMD: Failed to initialize OpenVR with code 110
[2019.01.17-04.39.32:892][  0]LogD3D11RHI: D3D11 adapters:
[2019.01.17-04.39.32:953][  0]LogD3D11RHI:    0. 'AMD Radeon R9 200 / HD 7900 Series' (Feature Level 11_0)
[2019.01.17-04.39.32:953][  0]LogD3D11RHI:       3052/0/4087 MB DedicatedVideo/DedicatedSystem/SharedSystem, Outputs:2, VendorId:0x1002
[2019.01.17-04.39.32:956][  0]LogD3D11RHI:    1. 'Microsoft Basic Render Driver' (Feature Level 11_0)
[2019.01.17-04.39.32:956][  0]LogD3D11RHI:       0/0/4087 MB DedicatedVideo/DedicatedSystem/SharedSystem, Outputs:0, VendorId:0x1414
[2019.01.17-04.39.32:956][  0]LogD3D11RHI: Chosen D3D11 Adapter: 0
[2019.01.17-04.39.32:973][  0]LogD3D11RHI: Creating new Direct3DDevice
[2019.01.17-04.39.32:973][  0]LogD3D11RHI:     GPU DeviceId: 0x6798 (for the marketing name, search the web for "GPU Device Id")
[2019.01.17-04.39.32:974][  0]LogWindows: EnumDisplayDevices:
[2019.01.17-04.39.32:975][  0]LogWindows:    0. 'AMD Radeon R9 200 / HD 7900 Series' (P:1 D:1)
[2019.01.17-04.39.32:976][  0]LogWindows:    1. 'AMD Radeon R9 200 / HD 7900 Series' (P:0 D:1)
[2019.01.17-04.39.32:976][  0]LogWindows:    2. 'AMD Radeon R9 200 / HD 7900 Series' (P:0 D:0)
[2019.01.17-04.39.32:977][  0]LogWindows:    3. 'AMD Radeon R9 200 / HD 7900 Series' (P:0 D:0)
[2019.01.17-04.39.32:977][  0]LogWindows:    4. 'AMD Radeon R9 200 / HD 7900 Series' (P:0 D:0)
[2019.01.17-04.39.32:978][  0]LogWindows:    5. 'AMD Radeon R9 200 / HD 7900 Series' (P:0 D:0)
[2019.01.17-04.39.32:978][  0]LogWindows:    6. 'AMD Radeon R9 200 / HD 7900 Series' (P:0 D:0)
[2019.01.17-04.39.32:979][  0]LogWindows:    7. 'AMD Radeon R9 200 / HD 7900 Series' (P:0 D:0)
[2019.01.17-04.39.32:979][  0]LogWindows:    8. 'AMD Radeon R9 200 / HD 7900 Series' (P:0 D:0)
[2019.01.17-04.39.32:980][  0]LogWindows:    9. 'AMD Radeon R9 200 / HD 7900 Series' (P:0 D:0)
[2019.01.17-04.39.32:981][  0]LogWindows:    10. 'AMD Radeon R9 200 / HD 7900 Series' (P:0 D:0)
[2019.01.17-04.39.32:981][  0]LogWindows:    11. 'AMD Radeon R9 200 / HD 7900 Series' (P:0 D:0)
[2019.01.17-04.39.32:982][  0]LogWindows:    12. 'AMD Radeon R9 200 / HD 7900 Series' (P:0 D:0)
[2019.01.17-04.39.32:982][  0]LogWindows:    13. 'AMD Radeon R9 200 / HD 7900 Series' (P:0 D:0)
[2019.01.17-04.39.32:982][  0]LogWindows:    14. 'AMD Radeon R9 200 / HD 7900 Series' (P:0 D:0)
[2019.01.17-04.39.32:983][  0]LogWindows:    15. 'AMD Radeon R9 200 / HD 7900 Series' (P:0 D:0)
[2019.01.17-04.39.32:983][  0]LogWindows: DebugString: FoundDriverCount:16 
[2019.01.17-04.39.32:983][  0]LogD3D11RHI:     Adapter Name: AMD Radeon R9 200 / HD 7900 Series
[2019.01.17-04.39.32:983][  0]LogD3D11RHI:   Driver Version: Adrenalin 18.5.1 (internal:24.20.11016.4, unified:24.20.11016.4)
[2019.01.17-04.39.32:983][  0]LogD3D11RHI:      Driver Date: 5-16-2018
[2019.01.17-04.39.32:983][  0]LogRHI: Texture pool is 2136 MB (70% of 3052 MB)
[2019.01.17-04.39.33:144][  0]LogD3D11RHI: Async texture creation enabled
[2019.01.17-04.39.33:211][  0]LogD3D11RHI: GPU Timing Frequency: 27.000000 (Debug: 2 1)
[2019.01.17-04.39.33:222][  0]LogShaderCompilers: Guid format shader working directory is -17 characters bigger than the processId version (C:/Users/ianra/OneDrive/Documents/GitHub/EAE3010/IR_ICWB001_AP/Intermediate/Shaders/WorkingDirectory/21712/).
[2019.01.17-04.39.33:222][  0]LogShaderCompilers: Cleaned the shader compiler working directory 'C:/Users/ianra/AppData/Local/Temp/UnrealShaderWorkingDir/22126AF645BD1C839665AC9B6A6413C4/'.
[2019.01.17-04.39.34:359][  0]LogTemp: Display: Loaded TP AllDesktopTargetPlatform
[2019.01.17-04.39.34:401][  0]LogTemp: Display: Loaded TP MacClientTargetPlatform
[2019.01.17-04.39.34:442][  0]LogTemp: Display: Loaded TP MacNoEditorTargetPlatform
[2019.01.17-04.39.34:484][  0]LogTemp: Display: Loaded TP MacServerTargetPlatform
[2019.01.17-04.39.34:541][  0]LogTemp: Display: Loaded TP MacTargetPlatform
[2019.01.17-04.39.34:594][  0]LogTemp: Display: Loaded TP WindowsClientTargetPlatform
[2019.01.17-04.39.34:641][  0]LogTemp: Display: Loaded TP WindowsNoEditorTargetPlatform
[2019.01.17-04.39.34:686][  0]LogTemp: Display: Loaded TP WindowsServerTargetPlatform
[2019.01.17-04.39.34:719][  0]LogTemp: Display: Loaded TP WindowsTargetPlatform
[2019.01.17-04.39.34:918][  0]LogTemp: Display: Loaded TP AndroidTargetPlatform
[2019.01.17-04.39.34:918][  0]LogTemp: Display: Loaded TP AndroidTargetPlatform
[2019.01.17-04.39.34:918][  0]LogTemp: Display: Loaded TP AndroidTargetPlatform
[2019.01.17-04.39.34:918][  0]LogTemp: Display: Loaded TP AndroidTargetPlatform
[2019.01.17-04.39.34:918][  0]LogTemp: Display: Loaded TP AndroidTargetPlatform
[2019.01.17-04.39.34:918][  0]LogTemp: Display: Loaded TP AndroidTargetPlatform
[2019.01.17-04.39.34:918][  0]LogTemp: Display: Loaded TP AndroidTargetPlatform
[2019.01.17-04.39.34:918][  0]LogTemp: Display: Loaded TP AndroidTargetPlatform
[2019.01.17-04.39.34:918][  0]LogTemp: Display: Loaded TP AndroidTargetPlatform
[2019.01.17-04.39.34:918][  0]LogTemp: Display: Loaded TP AndroidTargetPlatform
[2019.01.17-04.39.34:918][  0]LogTemp: Display: Loaded TP AndroidTargetPlatform
[2019.01.17-04.39.34:918][  0]LogTemp: Display: Loaded TP AndroidTargetPlatform
[2019.01.17-04.39.34:918][  0]LogTemp: Display: Loaded TP AndroidTargetPlatform
[2019.01.17-04.39.34:918][  0]LogTemp: Display: Loaded TP AndroidTargetPlatform
[2019.01.17-04.39.34:918][  0]LogTemp: Display: Loaded TP AndroidTargetPlatform
[2019.01.17-04.39.34:918][  0]LogTemp: Display: Loaded TP AndroidTargetPlatform
[2019.01.17-04.39.34:918][  0]LogTemp: Display: Loaded TP AndroidTargetPlatform
[2019.01.17-04.39.34:918][  0]LogTemp: Display: Loaded TP AndroidTargetPlatform
[2019.01.17-04.39.34:938][  0]LogTemp: Display: Loaded TP HTML5TargetPlatform
[2019.01.17-04.39.35:125][  0]LogTemp: Display: Loaded TP IOSTargetPlatform
[2019.01.17-04.39.35:125][  0]LogTemp: Display: Loaded TP IOSTargetPlatform
[2019.01.17-04.39.35:188][  0]LogTemp: Display: Loaded TP TVOSTargetPlatform
[2019.01.17-04.39.35:188][  0]LogTemp: Display: Loaded TP TVOSTargetPlatform
[2019.01.17-04.39.35:244][  0]LogTemp: Display: Loaded TP LinuxClientTargetPlatform
[2019.01.17-04.39.35:292][  0]LogTemp: Display: Loaded TP LinuxNoEditorTargetPlatform
[2019.01.17-04.39.35:341][  0]LogTemp: Display: Loaded TP LinuxServerTargetPlatform
[2019.01.17-04.39.35:403][  0]LogTemp: Display: Loaded TP LinuxTargetPlatform
[2019.01.17-04.39.35:444][  0]LogTemp: Display: Loaded TP LuminTargetPlatform
[2019.01.17-04.39.35:444][  0]LogTargetPlatformManager: Display: Building Assets For Windows
[2019.01.17-04.39.38:456][  0]LogXGEController: Cleaning working directory: C:/Users/ianra/AppData/Local/Temp/UnrealXGEWorkingDir/
[2019.01.17-04.39.38:463][  0]LogXGEController: Cannot use XGE Controller as Incredibuild is not installed on this machine.
[2019.01.17-04.39.38:463][  0]LogShaderCompilers: Cannot use XGE Shader Compiler as Incredibuild is not installed on this machine.
[2019.01.17-04.39.38:482][  0]LogShaderCompilers: Display: Using Local Shader Compiler.
[2019.01.17-04.39.46:624][  0]LogDerivedDataCache: Display: Max Cache Size: 512 MB
[2019.01.17-04.39.47:238][  0]LogDerivedDataCache: Loaded boot cache 0.61s 71MB C:/Users/ianra/AppData/Local/UnrealEngine/4.20/DerivedDataCache/Boot.ddc.
[2019.01.17-04.39.47:239][  0]LogDerivedDataCache: Display: Loaded Boot cache: C:/Users/ianra/AppData/Local/UnrealEngine/4.20/DerivedDataCache/Boot.ddc
[2019.01.17-04.39.47:239][  0]LogDerivedDataCache: FDerivedDataBackendGraph:  Pak pak cache file C:/Users/ianra/OneDrive/Documents/GitHub/EAE3010/IR_ICWB001_AP/DerivedDataCache/DDC.ddp not found, will not use a pak cache.
[2019.01.17-04.39.47:239][  0]LogDerivedDataCache: Unable to find inner node Pak for hierarchical cache Hierarchy.
[2019.01.17-04.39.47:239][  0]LogDerivedDataCache: FDerivedDataBackendGraph:  CompressedPak pak cache file C:/Users/ianra/OneDrive/Documents/GitHub/EAE3010/IR_ICWB001_AP/DerivedDataCache/Compressed.ddp not found, will not use a pak cache.
[2019.01.17-04.39.47:239][  0]LogDerivedDataCache: Unable to find inner node CompressedPak for hierarchical cache Hierarchy.
[2019.01.17-04.39.47:283][  0]LogDerivedDataCache: Display: Pak cache opened for reading ../../../Engine/DerivedDataCache/Compressed.ddp.
[2019.01.17-04.39.47:295][  0]LogDerivedDataCache: Using Local data cache path C:/Users/ianra/AppData/Local/UnrealEngine/Common/DerivedDataCache: Writable
[2019.01.17-04.39.47:295][  0]LogDerivedDataCache: Shared data cache path not found in *engine.ini, will not use an Shared cache.
[2019.01.17-04.39.47:295][  0]LogDerivedDataCache: Unable to find inner node Shared for hierarchical cache Hierarchy.
[2019.01.17-04.39.47:355][  0]LogMaterial: Verifying Global Shaders for PCD3D_SM5
[2019.01.17-04.39.47:370][  0]LogSlate: Using FreeType 2.6.0
[2019.01.17-04.39.47:399][  0]LogSlate: SlateFontServices - WITH_FREETYPE: 1, WITH_HARFBUZZ: 1
[2019.01.17-04.39.47:921][  0]LogAssetRegistry: FAssetRegistry took 0.0477 seconds to start up
[2019.01.17-04.39.49:850][  0]LogInit: Selected Device Profile: [Windows]
[2019.01.17-04.39.51:040][  0]LogSimplygon: Simplygon DLL not present - disabling.
[2019.01.17-04.39.51:123][  0]LogMeshReduction: Using SimplygonSwarm for distributed automatic mesh merging
[2019.01.17-04.39.51:124][  0]LogMeshReduction: Using ProxyLODMeshReduction for automatic mesh merging
[2019.01.17-04.39.51:125][  0]LogMeshReduction: Using QuadricMeshReduction for automatic static mesh reduction
[2019.01.17-04.39.51:125][  0]LogMeshReduction: No automatic skeletal mesh reduction module available
[2019.01.17-04.39.51:335][  0]LogNetVersion: IR_ICWB001_AP 1.0.0, NetCL: 4212847, EngineNetVer: 5, GameNetVer: 0 (Checksum: 283309602)
[2019.01.17-04.39.53:424][  0]LogAssetRegistry: Error: Failed to open file for write C:/Users/ianra/OneDrive/Documents/GitHub/EAE3010/IR_ICWB001_AP/Intermediate/AssetRegistryCache/2657c409.bin
[2019.01.17-04.39.53:431][  0]LogFileManager: Warning: MoveFile was unable to move 'C:/Users/ianra/OneDrive/Documents/GitHub/EAE3010/IR_ICWB001_AP/Intermediate/AssetRegistryCache/1d5167fa.bin.tmp' to 'C:/Users/ianra/OneDrive/Documents/GitHub/EAE3010/IR_ICWB001_AP/Intermediate/AssetRegistryCache/1d5167fa.bin', retrying in .5s...
[2019.01.17-04.39.53:932][  0]LogFileManager: Warning: MoveFile was unable to move 'C:/Users/ianra/OneDrive/Documents/GitHub/EAE3010/IR_ICWB001_AP/Intermediate/AssetRegistryCache/1d5167fa.bin.tmp' to 'C:/Users/ianra/OneDrive/Documents/GitHub/EAE3010/IR_ICWB001_AP/Intermediate/AssetRegistryCache/1d5167fa.bin', retrying in .5s...
[2019.01.17-04.39.54:433][  0]LogFileManager: Warning: MoveFile was unable to move 'C:/Users/ianra/OneDrive/Documents/GitHub/EAE3010/IR_ICWB001_AP/Intermediate/AssetRegistryCache/1d5167fa.bin.tmp' to 'C:/Users/ianra/OneDrive/Documents/GitHub/EAE3010/IR_ICWB001_AP/Intermediate/AssetRegistryCache/1d5167fa.bin', retrying in .5s...
[2019.01.17-04.39.54:934][  0]LogFileManager: Warning: MoveFile was unable to move 'C:/Users/ianra/OneDrive/Documents/GitHub/EAE3010/IR_ICWB001_AP/Intermediate/AssetRegistryCache/1d5167fa.bin.tmp' to 'C:/Users/ianra/OneDrive/Documents/GitHub/EAE3010/IR_ICWB001_AP/Intermediate/AssetRegistryCache/1d5167fa.bin', retrying in .5s...
[2019.01.17-04.39.55:435][  0]LogFileManager: Warning: MoveFile was unable to move 'C:/Users/ianra/OneDrive/Documents/GitHub/EAE3010/IR_ICWB001_AP/Intermediate/AssetRegistryCache/1d5167fa.bin.tmp' to 'C:/Users/ianra/OneDrive/Documents/GitHub/EAE3010/IR_ICWB001_AP/Intermediate/AssetRegistryCache/1d5167fa.bin', retrying in .5s...
[2019.01.17-04.39.55:936][  0]LogFileManager: Warning: MoveFile was unable to move 'C:/Users/ianra/OneDrive/Documents/GitHub/EAE3010/IR_ICWB001_AP/Intermediate/AssetRegistryCache/1d5167fa.bin.tmp' to 'C:/Users/ianra/OneDrive/Documents/GitHub/EAE3010/IR_ICWB001_AP/Intermediate/AssetRegistryCache/1d5167fa.bin', retrying in .5s...
[2019.01.17-04.39.56:437][  0]LogFileManager: Warning: MoveFile was unable to move 'C:/Users/ianra/OneDrive/Documents/GitHub/EAE3010/IR_ICWB001_AP/Intermediate/AssetRegistryCache/1d5167fa.bin.tmp' to 'C:/Users/ianra/OneDrive/Documents/GitHub/EAE3010/IR_ICWB001_AP/Intermediate/AssetRegistryCache/1d5167fa.bin', retrying in .5s...
[2019.01.17-04.39.56:938][  0]LogFileManager: Warning: MoveFile was unable to move 'C:/Users/ianra/OneDrive/Documents/GitHub/EAE3010/IR_ICWB001_AP/Intermediate/AssetRegistryCache/1d5167fa.bin.tmp' to 'C:/Users/ianra/OneDrive/Documents/GitHub/EAE3010/IR_ICWB001_AP/Intermediate/AssetRegistryCache/1d5167fa.bin', retrying in .5s...
[2019.01.17-04.39.57:439][  0]LogFileManager: Warning: MoveFile was unable to move 'C:/Users/ianra/OneDrive/Documents/GitHub/EAE3010/IR_ICWB001_AP/Intermediate/AssetRegistryCache/1d5167fa.bin.tmp' to 'C:/Users/ianra/OneDrive/Documents/GitHub/EAE3010/IR_ICWB001_AP/Intermediate/AssetRegistryCache/1d5167fa.bin', retrying in .5s...
[2019.01.17-04.39.57:940][  0]LogFileManager: Warning: MoveFile was unable to move 'C:/Users/ianra/OneDrive/Documents/GitHub/EAE3010/IR_ICWB001_AP/Intermediate/AssetRegistryCache/1d5167fa.bin.tmp' to 'C:/Users/ianra/OneDrive/Documents/GitHub/EAE3010/IR_ICWB001_AP/Intermediate/AssetRegistryCache/1d5167fa.bin', retrying in .5s...
[2019.01.17-04.39.58:441][  0]LogFileManager: Error: Error moving file 'C:/Users/ianra/OneDrive/Documents/GitHub/EAE3010/IR_ICWB001_AP/Intermediate/AssetRegistryCache/1d5167fa.bin.tmp' to 'C:/Users/ianra/OneDrive/Documents/GitHub/EAE3010/IR_ICWB001_AP/Intermediate/AssetRegistryCache/1d5167fa.bin'.
[2019.01.17-04.39.58:598][  0]LogPackageLocalizationCache: Processed 11 localized package path(s) for 2 prioritized culture(s) in 5.192620 seconds
[2019.01.17-04.39.58:608][  0]LogUObjectArray: 38425 objects as part of root set at end of initial load.
[2019.01.17-04.39.58:608][  0]LogUObjectAllocator: 6690872 out of 0 bytes used by permanent object pool.
[2019.01.17-04.39.58:608][  0]LogUObjectArray: CloseDisregardForGC: 0/0 objects in disregard for GC pool
[2019.01.17-04.40.01:729][  0]LogTcpMessaging: Initializing TcpMessaging bridge
[2019.01.17-04.40.01:794][  0]LogUdpMessaging: Initializing bridge on interface 0.0.0.0:0 to multicast group 230.0.0.1:6666.
[2019.01.17-04.40.03:220][  0]SourceControl: Source control is disabled
[2019.01.17-04.40.03:223][  0]SourceControl: Source control is disabled
[2019.01.17-04.40.03:268][  0]SourceControl: Source control is disabled
[2019.01.17-04.40.03:317][  0]SourceControl: Source control is disabled
[2019.01.17-04.40.04:759][  0]LogConfig: Warning: Failed to saved backup for config[UnitTest]
[2019.01.17-04.40.04:853][  0]LogAndroidPermission: UAndroidPermissionCallbackProxy::GetInstance
[2019.01.17-04.40.05:405][  0]LogOcInput: OculusInput pre-init called
[2019.01.17-04.40.05:912][  0]LogEngine: Initializing Engine...
[2019.01.17-04.40.05:931][  0]LogHMD: Failed to initialize OpenVR with code 110
[2019.01.17-04.40.05:947][  0]LogStats: UGameplayTagsManager::ConstructGameplayTagTree: ImportINI prefixes -  0.001 s
[2019.01.17-04.40.05:947][  0]LogStats: UGameplayTagsManager::ConstructGameplayTagTree: Construct from data asset -  0.000 s
[2019.01.17-04.40.05:948][  0]LogStats: UGameplayTagsManager::ConstructGameplayTagTree: ImportINI -  0.001 s
[2019.01.17-04.40.05:949][  0]LogStats: UGameplayTagsManager::ConstructGameplayTagTree: GameplayTagTreeChangedEvent.Broadcast -  0.001 s
[2019.01.17-04.40.06:528][  0]LogInit: Initializing FReadOnlyCVARCache
[2019.01.17-04.40.06:810][  0]LogAIModule: Creating AISystem for world Untitled
[2019.01.17-04.40.07:079][  0]LogInit: XAudio2 using '3 - BenQ GW2750H (AMD High Definition Audio Device)' : 2 channels at 48 kHz using 16 bits per sample (channel mask 0x3)
[2019.01.17-04.40.07:147][  0]LogInit: FAudioDevice initialized.
[2019.01.17-04.40.07:148][  0]LogNetVersion: Set ProjectVersion to 1.0.0.0. Version Checksum will be recalculated on next use.
[2019.01.17-04.40.07:485][  0]LogDerivedDataCache: Saved boot cache 0.34s 71MB C:/Users/ianra/AppData/Local/UnrealEngine/4.20/DerivedDataCache/Boot.ddc.
[2019.01.17-04.40.07:558][  0]LogInit: Texture streaming: Enabled
[2019.01.17-04.40.07:603][  0]LogEngineSessionManager: EngineSessionManager initialized
[2019.01.17-04.40.07:649][  0]LogInit: Transaction tracking system initialized
[2019.01.17-04.40.07:994][  0]BlueprintLog: New page: Editor Load
[2019.01.17-04.40.09:548][  0]LocalizationService: Localization service is disabled
[2019.01.17-04.40.11:323][  0]LogAssetRegistry: Error: Failed to open file for write C:/Users/ianra/OneDrive/Documents/GitHub/EAE3010/IR_ICWB001_AP/Intermediate/CachedAssetRegistry.bin
[2019.01.17-04.40.11:723][  0]LogFileCache: Scanning file cache for directory 'C:/Users/ianra/OneDrive/Documents/GitHub/EAE3010/IR_ICWB001_AP/Content/' took 0.02s
[2019.01.17-04.40.11:723][  0]LogCook: Display: Max memory allowance for cook 16384mb min free memory 0mb
[2019.01.17-04.40.11:724][  0]LogCook: Display: Mobile HDR setting 1
[2019.01.17-04.40.11:728][  0]LogGameplayTags: Display: UGameplayTagsManager::DoneAddingNativeTags. DelegateIsBound: 0
[2019.01.17-04.40.11:728][  0]LogStats: UGameplayTagsManager::ConstructGameplayTagTree: ImportINI prefixes -  0.000 s
[2019.01.17-04.40.11:728][  0]LogStats: UGameplayTagsManager::ConstructGameplayTagTree: Construct from data asset -  0.000 s
[2019.01.17-04.40.11:728][  0]LogStats: UGameplayTagsManager::ConstructGameplayTagTree: ImportINI -  0.000 s
[2019.01.17-04.40.11:728][  0]LogStats: UGameplayTagsManager::ConstructGameplayTagTree: GameplayTagTreeChangedEvent.Broadcast -  0.000 s
[2019.01.17-04.40.13:381][  0]SourceControl: Source control is disabled
[2019.01.17-04.40.13:383][  0]Cmd: MAP LOAD FILE="../../../Engine/Content/Maps/Templates/Template_Default.umap" TEMPLATE=1 SHOWPROGRESS=1 FEATURELEVEL=3
[2019.01.17-04.40.13:398][  0]LightingResults: New page: Lighting Build
[2019.01.17-04.40.13:445][  0]MapCheck: New page: Map Check
[2019.01.17-04.40.13:445][  0]LightingResults: New page: Lighting Build
[2019.01.17-04.40.14:264][  0]LogAIModule: Creating AISystem for world Untitled_1
[2019.01.17-04.40.14:363][  0]LogEditorServer: Finished looking for orphan Actors (0.000 secs)
[2019.01.17-04.40.14:433][  0]Cmd: MAP CHECKDEP NOCLEARLOG
[2019.01.17-04.40.14:553][  0]MapCheck: Map check complete: 0 Error(s), 0 Warning(s), took 119.507ms to complete.
[2019.01.17-04.40.14:553][  0]LogFileHelpers: Loading map 'Template_Default' took 1.172
[2019.01.17-04.40.15:171][  0]LogSlate: Updating window title bar state: overlay mode, drag disabled, window buttons hidden, title bar hidden
[2019.01.17-04.40.15:190][  0]LogSlate: Updating window title bar state: overlay mode, drag disabled, window buttons hidden, title bar hidden
[2019.01.17-04.40.15:207][  0]LogSlate: Updating window title bar state: overlay mode, drag disabled, window buttons hidden, title bar hidden
[2019.01.17-04.40.15:223][  0]LogSlate: Updating window title bar state: overlay mode, drag disabled, window buttons hidden, title bar hidden
[2019.01.17-04.40.15:269][  0]LogCollectionManager: Loaded 0 collections in 0.002996 seconds
[2019.01.17-04.40.15:403][  0]LogFileCache: Scanning file cache for directory 'C:/Users/ianra/OneDrive/Documents/GitHub/EAE3010/IR_ICWB001_AP/Saved/Collections/' took 0.01s
[2019.01.17-04.40.15:403][  0]LogFileCache: Scanning file cache for directory 'C:/Users/ianra/OneDrive/Documents/GitHub/EAE3010/IR_ICWB001_AP/Content/Developers/ianra/Collections/' took 0.01s
[2019.01.17-04.40.15:403][  0]LogFileCache: Scanning file cache for directory 'C:/Users/ianra/OneDrive/Documents/GitHub/EAE3010/IR_ICWB001_AP/Content/Collections/' took 0.01s
[2019.01.17-04.40.15:403][  0]LogCollectionManager: Rebuilt the GUID cache for 0 collections in 0.000000 seconds
[2019.01.17-04.40.15:430][  0]LogContentBrowser: Native class hierarchy populated in 0.0267 seconds. Added 2572 classes and 603 folders.
[2019.01.17-04.40.15:455][  0]LogContentBrowser: Native class hierarchy updated for 'WidgetCarousel' in 0.0003 seconds. Added 0 classes and 0 folders.
[2019.01.17-04.40.16:544][  0]LogContentBrowser: Native class hierarchy updated for 'AddContentDialog' in 0.0006 seconds. Added 0 classes and 0 folders.
[2019.01.17-04.40.16:596][  0]LogContentBrowser: Native class hierarchy updated for 'SceneOutliner' in 0.0004 seconds. Added 1 classes and 2 folders.
[2019.01.17-04.40.18:144][  0]LogSlate: Took 0.067122 seconds to synchronously load lazily loaded font '../../../Engine/Content/Slate/Fonts/Roboto-Regular.ttf' (155K)
[2019.01.17-04.40.18:338][  0]LogSlate: Took 0.116131 seconds to synchronously load lazily loaded font '../../../Engine/Content/Slate/Fonts/Roboto-Bold.ttf' (160K)
[2019.01.17-04.40.18:468][  0]LogSlate: Took 0.056030 seconds to synchronously load lazily loaded font '../../../Engine/Content/Editor/Slate/Fonts/FontAwesome.ttf' (139K)
[2019.01.17-04.40.20:432][  0]LogRenderer: Reallocating scene render targets to support 1208x576 Format 10 NumSamples 1 (Frame:1).
[2019.01.17-04.40.23:923][  0]LogContentBrowser: Native class hierarchy updated for 'HierarchicalLODOutliner' in 0.0005 seconds. Added 0 classes and 0 folders.
[2019.01.17-04.40.23:924][  0]LogLoad: (Engine Initialization) Total time: 71.28 seconds
[2019.01.17-04.40.23:924][  0]LogLoad: (Engine Initialization) Total Blueprint compile time: 0.00 seconds
[2019.01.17-04.40.24:102][  0]LogContentStreaming: Texture pool size now 1000 MB
[2019.01.17-04.40.24:544][  4]LogAssetRegistry: Asset discovery search completed in 36.6564 seconds
[2019.01.17-04.40.24:549][  4]LogCollectionManager: Rebuilt the object cache for 0 collections in 0.000001 seconds (found 0 objects)
[2019.01.17-04.40.24:549][  4]LogCollectionManager: Fixed up redirectors for 0 collections in 0.000213 seconds (updated 0 objects)
[2019.01.17-04.40.28:264][ 15]LogSlate: Took 0.009394 seconds to synchronously load lazily loaded font '../../../Engine/Content/Slate/Fonts/Roboto-Light.ttf' (167K)
[2019.01.17-04.44.49:814][796]LogSlate: Window 'IR_ICWB001_AP - Unreal Editor' being destroyed
[2019.01.17-04.44.49:815][796]LogWindowsTextInputMethodSystem: Display: IME system now deactivated.
[2019.01.17-04.44.50:046][797]Cmd: QUIT_EDITOR
[2019.01.17-04.44.50:082][797]LogExit: Preparing to exit.
[2019.01.17-04.44.51:106][797]LogExit: Editor shut down
[2019.01.17-04.44.51:107][797]LogExit: Transaction tracking system shut down
[2019.01.17-04.44.51:622][797]LogExit: Object subsystem successfully closed.
[2019.01.17-04.44.51:675][797]LogShaderCompilers: Display: Shaders left to compile 0
[2019.01.17-04.44.51:681][797]LogD3D11RHI: Shutdown
[2019.01.17-04.44.51:681][797]LogD3D11RHI: CleanupD3DDevice
[2019.01.17-04.44.51:691][797]LogD3D11RHI: ~FD3D11DynamicRHI
[2019.01.17-04.44.51:739][797]LogModuleManager: Shutting down and abandoning module HierarchicalLODOutliner (612)
[2019.01.17-04.44.51:740][797]LogModuleManager: Shutting down and abandoning module SceneOutliner (610)
[2019.01.17-04.44.51:740][797]LogModuleManager: Shutting down and abandoning module AddContentDialog (608)
[2019.01.17-04.44.51:741][797]LogModuleManager: Shutting down and abandoning module WidgetCarousel (607)
[2019.01.17-04.44.51:741][797]LogModuleManager: Shutting down and abandoning module EditorWidgets (604)
[2019.01.17-04.44.51:741][797]LogModuleManager: Shutting down and abandoning module CollectionManager (602)
[2019.01.17-04.44.51:741][797]LogModuleManager: Shutting down and abandoning module HierarchicalLODUtilities (600)
[2019.01.17-04.44.51:742][797]LogModuleManager: Shutting down and abandoning module StatsViewer (598)
[2019.01.17-04.44.51:742][797]LogModuleManager: Shutting down and abandoning module FoliageEdit (596)
[2019.01.17-04.44.51:742][797]LogModuleManager: Shutting down and abandoning module LandscapeEditor (594)
[2019.01.17-04.44.51:742][797]LogModuleManager: Shutting down and abandoning module MeshPaintMode (592)
[2019.01.17-04.44.51:742][797]LogModuleManager: Shutting down and abandoning module SceneDepthPickerMode (590)
[2019.01.17-04.44.51:742][797]LogModuleManager: Shutting down and abandoning module ActorPickerMode (588)
[2019.01.17-04.44.51:742][797]LogModuleManager: Shutting down and abandoning module GeometryMode (586)
[2019.01.17-04.44.51:742][797]LogModuleManager: Shutting down and abandoning module TextureAlignMode (584)
[2019.01.17-04.44.51:742][797]LogModuleManager: Shutting down and abandoning module BspMode (582)
[2019.01.17-04.44.51:743][797]LogModuleManager: Shutting down and abandoning module PIEPreviewDeviceProfileSelector (580)
[2019.01.17-04.44.51:743][797]LogModuleManager: Shutting down and abandoning module SequenceRecorderSections (578)
[2019.01.17-04.44.51:743][797]LogModuleManager: Shutting down and abandoning module AutomationWorker (576)
[2019.01.17-04.44.51:743][797]LogModuleManager: Shutting down and abandoning module AudioCaptureEditor (574)
[2019.01.17-04.44.51:743][797]LogModuleManager: Shutting down and abandoning module SequenceRecorder (573)
[2019.01.17-04.44.51:743][797]LogModuleManager: Shutting down and abandoning module MatineeToLevelSequence (570)
[2019.01.17-04.44.51:743][797]LogModuleManager: Shutting down and abandoning module LevelSequenceEditor (568)
[2019.01.17-04.44.51:743][797]LogModuleManager: Shutting down and abandoning module PlacementMode (567)
[2019.01.17-04.44.51:743][797]LogModuleManager: Shutting down and abandoning module MaterialEditor (566)
[2019.01.17-04.44.51:743][797]LogModuleManager: Shutting down and abandoning module WmfMediaFactory (562)
[2019.01.17-04.44.51:743][797]LogModuleManager: Shutting down and abandoning module WmfMediaEditor (560)
[2019.01.17-04.44.51:743][797]LogModuleManager: Shutting down and abandoning module MediaPlayerEditor (558)
[2019.01.17-04.44.51:743][797]LogModuleManager: Shutting down and abandoning module OpenExrWrapper (556)
[2019.01.17-04.44.51:743][797]LogModuleManager: Shutting down and abandoning module ImgMediaFactory (554)
[2019.01.17-04.44.51:743][797]LogModuleManager: Shutting down and abandoning module ImgMediaEditor (552)
[2019.01.17-04.44.51:743][797]LogModuleManager: Shutting down and abandoning module AvfMediaFactory (550)
[2019.01.17-04.44.51:744][797]LogModuleManager: Shutting down and abandoning module AvfMediaEditor (548)
[2019.01.17-04.44.51:744][797]LogModuleManager: Shutting down and abandoning module AndroidMediaFactory (546)
[2019.01.17-04.44.51:744][797]LogModuleManager: Shutting down and abandoning module AndroidMediaEditor (544)
[2019.01.17-04.44.51:744][797]LogModuleManager: Shutting down and abandoning module MagicLeapCameraPreviewFactory (542)
[2019.01.17-04.44.51:744][797]LogModuleManager: Shutting down and abandoning module MagicLeapMediaFactory (540)
[2019.01.17-04.44.51:744][797]LogModuleManager: Shutting down and abandoning module MagicLeapMediaEditor (538)
[2019.01.17-04.44.51:744][797]LogModuleManager: Shutting down and abandoning module CharacterAI (536)
[2019.01.17-04.44.51:744][797]LogModuleManager: Shutting down and abandoning module SmartSnapping (534)
[2019.01.17-04.44.51:744][797]LogModuleManager: Shutting down and abandoning module SessionServices (532)
[2019.01.17-04.44.51:744][797]LogModuleManager: Shutting down and abandoning module ViewportSnapping (530)
[2019.01.17-04.44.51:744][797]LogModuleManager: Shutting down and abandoning module ViewportInteraction (528)
[2019.01.17-04.44.51:744][797]LogModuleManager: Shutting down and abandoning module ClothPainter (526)
[2019.01.17-04.44.51:744][797]LogModuleManager: Shutting down and abandoning module SkeletalMeshEditor (525)
[2019.01.17-04.44.51:744][797]LogModuleManager: Shutting down and abandoning module LogVisualizer (522)
[2019.01.17-04.44.51:744][797]LogModuleManager: Shutting down and abandoning module IntroTutorials (520)
[2019.01.17-04.44.51:744][797]LogModuleManager: Shutting down and abandoning module GameProjectGeneration (519)
[2019.01.17-04.44.51:744][797]LogModuleManager: Shutting down and abandoning module LuminPlatformEditor (516)
[2019.01.17-04.44.51:744][797]LogModuleManager: Shutting down and abandoning module IOSPlatformEditor (514)
[2019.01.17-04.44.51:744][797]LogModuleManager: Shutting down and abandoning module HTML5PlatformEditor (512)
[2019.01.17-04.44.51:744][797]LogModuleManager: Shutting down and abandoning module AndroidPlatformEditor (510)
[2019.01.17-04.44.51:744][797]LogModuleManager: Shutting down and abandoning module AndroidDeviceDetection (509)
[2019.01.17-04.44.52:306][797]LogModuleManager: Shutting down and abandoning module WindowsPlatformEditor (506)
[2019.01.17-04.44.52:307][797]LogModuleManager: Shutting down and abandoning module LuminRuntimeSettings (504)
[2019.01.17-04.44.52:307][797]LogModuleManager: Shutting down and abandoning module IOSRuntimeSettings (502)
[2019.01.17-04.44.52:307][797]LogModuleManager: Shutting down and abandoning module AndroidRuntimeSettings (500)
[2019.01.17-04.44.52:307][797]LogModuleManager: Shutting down and abandoning module InputBindingEditor (498)
[2019.01.17-04.44.52:307][797]LogModuleManager: Shutting down and abandoning module MergeActors (496)
[2019.01.17-04.44.52:307][797]LogModuleManager: Shutting down and abandoning module LocalizationDashboard (494)
[2019.01.17-04.44.52:307][797]LogModuleManager: Shutting down and abandoning module LocalizationService (493)
[2019.01.17-04.44.52:307][797]LogModuleManager: Shutting down and abandoning module HardwareTargeting (490)
[2019.01.17-04.44.52:307][797]LogModuleManager: Shutting down and abandoning module DeviceProfileEditor (488)
[2019.01.17-04.44.52:307][797]LogModuleManager: Shutting down and abandoning module UndoHistory (486)
[2019.01.17-04.44.52:307][797]LogModuleManager: Shutting down and abandoning module XmlParser (484)
[2019.01.17-04.44.52:307][797]LogModuleManager: Shutting down and abandoning module Blutility (482)
[2019.01.17-04.44.52:307][797]LogModuleManager: Shutting down and abandoning module ProjectSettingsViewer (480)
[2019.01.17-04.44.52:307][797]LogModuleManager: Shutting down and abandoning module ProjectTargetPlatformEditor (479)
[2019.01.17-04.44.52:307][797]LogModuleManager: Shutting down and abandoning module EditorSettingsViewer (476)
[2019.01.17-04.44.52:308][797]LogModuleManager: Shutting down and abandoning module SettingsEditor (474)
[2019.01.17-04.44.52:308][797]LogModuleManager: Shutting down and abandoning module ProjectLauncher (472)
[2019.01.17-04.44.52:308][797]LogModuleManager: Shutting down and abandoning module SessionFrontend (470)
[2019.01.17-04.44.52:308][797]LogModuleManager: Shutting down and abandoning module ProfilerClient (468)
[2019.01.17-04.44.52:308][797]LogModuleManager: Shutting down and abandoning module DeviceManager (466)
[2019.01.17-04.44.52:308][797]LogModuleManager: Shutting down and abandoning module TargetDeviceServices (465)
[2019.01.17-04.44.52:363][797]LogModuleManager: Shutting down and abandoning module AutomationController (462)
[2019.01.17-04.44.52:363][797]LogModuleManager: Shutting down and abandoning module AutomationWindow (460)
[2019.01.17-04.44.52:363][797]LogModuleManager: Shutting down and abandoning module Layers (458)
[2019.01.17-04.44.52:363][797]LogModuleManager: Shutting down and abandoning module ComponentVisualizers (456)
[2019.01.17-04.44.52:363][797]LogModuleManager: Shutting down and abandoning module DetailCustomizations (454)
[2019.01.17-04.44.52:363][797]LogModuleManager: Shutting down and abandoning module PackagesDialog (452)
[2019.01.17-04.44.52:363][797]LogModuleManager: Shutting down and abandoning module Persona (450)
[2019.01.17-04.44.52:363][797]LogModuleManager: Shutting down and abandoning module AdvancedPreviewScene (449)
[2019.01.17-04.44.52:363][797]LogModuleManager: Shutting down and abandoning module AnimGraph (447)
[2019.01.17-04.44.52:363][797]LogModuleManager: Shutting down and abandoning module Kismet (444)
[2019.01.17-04.44.52:364][797]LogModuleManager: Shutting down and abandoning module GraphEditor (442)
[2019.01.17-04.44.52:364][797]LogModuleManager: Shutting down and abandoning module ClassViewer (440)
[2019.01.17-04.44.52:364][797]LogModuleManager: Shutting down and abandoning module Toolbox (438)
[2019.01.17-04.44.52:364][797]LogModuleManager: Shutting down and abandoning module ModuleUI (436)
[2019.01.17-04.44.52:364][797]LogModuleManager: Shutting down and abandoning module MovieSceneTools (434)
[2019.01.17-04.44.52:364][797]LogModuleManager: Shutting down and abandoning module OutputLog (432)
[2019.01.17-04.44.52:364][797]LogModuleManager: Shutting down and abandoning module GammaUI (430)
[2019.01.17-04.44.52:364][797]LogModuleManager: Shutting down and abandoning module Documentation (428)
[2019.01.17-04.44.52:364][797]LogModuleManager: Shutting down and abandoning module MovieSceneTracks (426)
[2019.01.17-04.44.52:364][797]LogModuleManager: Shutting down and abandoning module MovieScene (424)
[2019.01.17-04.44.52:364][797]LogModuleManager: Shutting down and abandoning module StreamingPauseRendering (422)
[2019.01.17-04.44.52:364][797]LogModuleManager: Shutting down and abandoning module LauncherPlatform (420)
[2019.01.17-04.44.52:364][797]LogModuleManager: Shutting down and abandoning module AnalyticsET (418)
[2019.01.17-04.44.52:364][797]LogModuleManager: Shutting down and abandoning module PortalServices (416)
[2019.01.17-04.44.52:364][797]LogModuleManager: Shutting down and abandoning module PortalRpc (414)
[2019.01.17-04.44.52:364][797]LogModuleManager: Shutting down and abandoning module MessagingRpc (412)
[2019.01.17-04.44.52:364][797]LogModuleManager: Shutting down and abandoning module AIModule (410)
[2019.01.17-04.44.52:364][797]LogModuleManager: Shutting down and abandoning module GameplayDebugger (409)
[2019.01.17-04.44.52:364][797]LogModuleManager: Shutting down and abandoning module AITestSuite (407)
[2019.01.17-04.44.52:365][797]LogModuleManager: Shutting down and abandoning module NavigationSystem (405)
[2019.01.17-04.44.52:365][797]LogModuleManager: Shutting down and abandoning module DesktopPlatform (402)
[2019.01.17-04.44.52:365][797]LogModuleManager: Shutting down and abandoning module ProfilerService (400)
[2019.01.17-04.44.52:504][797]LogModuleManager: Shutting down and abandoning module TaskGraph (398)
[2019.01.17-04.44.52:504][797]LogModuleManager: Shutting down and abandoning module SteamVRController (396)
[2019.01.17-04.44.52:504][797]LogModuleManager: Shutting down and abandoning module ProceduralMeshComponentEditor (394)
[2019.01.17-04.44.52:504][797]LogModuleManager: Shutting down and abandoning module ProceduralMeshComponent (392)
[2019.01.17-04.44.52:504][797]LogModuleManager: Shutting down and abandoning module OculusInput (390)
[2019.01.17-04.44.52:504][797]LogModuleManager: Shutting down and abandoning module MobilePatchingUtils (388)
[2019.01.17-04.44.52:504][797]LogModuleManager: Shutting down and abandoning module EditableMesh (386)
[2019.01.17-04.44.52:504][797]LogModuleManager: Shutting down and abandoning module CustomMeshComponent (384)
[2019.01.17-04.44.52:504][797]LogModuleManager: Shutting down and abandoning module CableComponent (382)
[2019.01.17-04.44.52:504][797]LogModuleManager: Shutting down and abandoning module AudioCapture (380)
[2019.01.17-04.44.52:504][797]LogModuleManager: Shutting down and abandoning module ArchVisCharacter (378)
[2019.01.17-04.44.52:504][797]LogModuleManager: Shutting down and abandoning module AndroidPermission (376)
[2019.01.17-04.44.52:504][797]LogModuleManager: Shutting down and abandoning module NUTUnrealEngine4 (374)
[2019.01.17-04.44.52:504][797]LogModuleManager: Shutting down and abandoning module NetcodeUnitTest (372)
[2019.01.17-04.44.52:504][797]LogModuleManager: Shutting down and abandoning module MediaCompositingEditor (370)
[2019.01.17-04.44.52:504][797]LogModuleManager: Shutting down and abandoning module MediaCompositing (368)
[2019.01.17-04.44.52:504][797]LogModuleManager: Shutting down and abandoning module LinearTimecode (366)
[2019.01.17-04.44.52:504][797]LogModuleManager: Shutting down and abandoning module ImgMedia (364)
[2019.01.17-04.44.52:510][797]LogModuleManager: Shutting down and abandoning module HTML5Networking (362)
[2019.01.17-04.44.52:510][797]LogModuleManager: Shutting down and abandoning module GeometryCacheTracks (360)
[2019.01.17-04.44.52:510][797]LogModuleManager: Shutting down and abandoning module GeometryCacheSequencer (358)
[2019.01.17-04.44.52:510][797]LogModuleManager: Shutting down and abandoning module BackChannel (356)
[2019.01.17-04.44.52:510][797]LogModuleManager: Shutting down and abandoning module AppleVision (354)
[2019.01.17-04.44.52:510][797]LogModuleManager: Shutting down and abandoning module AppleImageUtils (352)
[2019.01.17-04.44.52:510][797]LogModuleManager: Shutting down and abandoning module AlembicImporter (350)
[2019.01.17-04.44.52:510][797]LogModuleManager: Shutting down and abandoning module AlembicLibrary (349)
[2019.01.17-04.44.52:510][797]LogModuleManager: Shutting down and abandoning module GeometryCache (348)
[2019.01.17-04.44.52:510][797]LogModuleManager: Shutting down and abandoning module GeometryCacheEd (347)
[2019.01.17-04.44.52:510][797]LogModuleManager: Shutting down and abandoning module DatasmithContentEditor (342)
[2019.01.17-04.44.52:510][797]LogModuleManager: Shutting down and abandoning module DatasmithContent (340)
[2019.01.17-04.44.52:511][797]LogModuleManager: Shutting down and abandoning module SpeedTreeImporter (338)
[2019.01.17-04.44.52:511][797]LogModuleManager: Shutting down and abandoning module PluginBrowser (336)
[2019.01.17-04.44.52:511][797]LogModuleManager: Shutting down and abandoning module MobileLauncherProfileWizard (334)
[2019.01.17-04.44.52:511][797]LogModuleManager: Shutting down and abandoning module PolygonModeling (332)
[2019.01.17-04.44.52:511][797]LogModuleManager: Shutting down and abandoning module MeshEditor (330)
[2019.01.17-04.44.52:511][797]LogModuleManager: Shutting down and abandoning module CryptoKeysOpenSSL (328)
[2019.01.17-04.44.52:511][797]LogModuleManager: Shutting down and abandoning module CryptoKeys (326)
[2019.01.17-04.44.52:511][797]LogModuleManager: Shutting down and abandoning module VisualStudioSourceCodeAccess (324)
[2019.01.17-04.44.52:511][797]LogModuleManager: Shutting down and abandoning module VisualStudioCodeSourceCodeAccess (322)
[2019.01.17-04.44.52:511][797]LogModuleManager: Shutting down and abandoning module UObjectPlugin (320)
[2019.01.17-04.44.52:511][797]LogModuleManager: Shutting down and abandoning module SubversionSourceControl (318)
[2019.01.17-04.44.52:511][797]LogModuleManager: Shutting down and abandoning module PerforceSourceControl (316)
[2019.01.17-04.44.52:511][797]LogModuleManager: Shutting down and abandoning module GitSourceControl (314)
[2019.01.17-04.44.52:511][797]LogModuleManager: Shutting down and abandoning module SourceControl (313)
[2019.01.17-04.44.52:511][797]LogModuleManager: Shutting down and abandoning module CLionSourceCodeAccess (310)
[2019.01.17-04.44.52:511][797]LogModuleManager: Shutting down and abandoning module LightPropagationVolumeEditor (308)
[2019.01.17-04.44.52:511][797]LogModuleManager: Shutting down and abandoning module PaperTiledImporter (306)
[2019.01.17-04.44.52:511][797]LogModuleManager: Shutting down and abandoning module PaperSpriteSheetImporter (304)
[2019.01.17-04.44.52:512][797]LogModuleManager: Shutting down and abandoning module Paper2DEditor (302)
[2019.01.17-04.44.52:512][797]LogModuleManager: Shutting down and abandoning module MeshPaint (301)
[2019.01.17-04.44.52:512][797]LogModuleManager: Shutting down and abandoning module RuntimePhysXCooking (298)
[2019.01.17-04.44.52:512][797]LogModuleManager: Shutting down and abandoning module PhysXVehiclesEditor (296)
[2019.01.17-04.44.52:512][797]LogModuleManager: Shutting down and abandoning module PhysXVehicles (294)
[2019.01.17-04.44.52:512][797]LogModuleManager: Shutting down and abandoning module OculusEditor (292)
[2019.01.17-04.44.52:512][797]LogModuleManager: Shutting down and abandoning module LocationServicesBPLibrary (290)
[2019.01.17-04.44.52:512][797]LogModuleManager: Shutting down and abandoning module ImmediatePhysicsEditor (288)
[2019.01.17-04.44.52:512][797]LogModuleManager: Shutting down and abandoning module ImmediatePhysics (286)
[2019.01.17-04.44.52:512][797]LogModuleManager: Shutting down and abandoning module ActorSequence (284)
[2019.01.17-04.44.52:512][797]LogModuleManager: Shutting down and abandoning module UdpMessaging (282)
[2019.01.17-04.44.52:613][797]LogModuleManager: Shutting down and abandoning module TcpMessaging (280)
[2019.01.17-04.44.52:714][797]LogModuleManager: Shutting down and abandoning module MagicLeapAudio (278)
[2019.01.17-04.44.52:714][797]LogModuleManager: Shutting down and abandoning module GameplayTagsEditor (276)
[2019.01.17-04.44.52:714][797]LogModuleManager: Shutting down and abandoning module FacialAnimationEditor (274)
[2019.01.17-04.44.52:714][797]LogModuleManager: Shutting down and abandoning module FacialAnimation (272)
[2019.01.17-04.44.52:714][797]LogModuleManager: Shutting down and abandoning module DataValidation (270)
[2019.01.17-04.44.52:714][797]LogModuleManager: Shutting down and abandoning module AssetManagerEditor (268)
[2019.01.17-04.44.52:714][797]LogModuleManager: Shutting down and abandoning module LevelEditor (267)
[2019.01.17-04.44.52:715][797]LogModuleManager: Shutting down and abandoning module PixelInspectorModule (266)
[2019.01.17-04.44.52:715][797]LogModuleManager: Shutting down and abandoning module CommonMenuExtensions (264)
[2019.01.17-04.44.52:715][797]LogModuleManager: Shutting down and abandoning module MainFrame (262)
[2019.01.17-04.44.52:715][797]LogModuleManager: Shutting down and abandoning module HotReload (261)
[2019.01.17-04.44.52:716][797]LogModuleManager: Shutting down and abandoning module ContentBrowser (257)
[2019.01.17-04.44.52:717][797]LogModuleManager: Shutting down and abandoning module TreeMap (255)
[2019.01.17-04.44.52:717][797]LogModuleManager: Shutting down and abandoning module LightPropagationVolumeRuntime (252)
[2019.01.17-04.44.52:718][797]LogModuleManager: Shutting down and abandoning module AISupportModule (250)
[2019.01.17-04.44.52:718][797]LogModuleManager: Shutting down and abandoning module Paper2D (248)
[2019.01.17-04.44.52:718][797]LogModuleManager: Shutting down and abandoning module WindowsMoviePlayer (246)
[2019.01.17-04.44.52:718][797]LogModuleManager: Shutting down and abandoning module WmfMedia (244)
[2019.01.17-04.44.52:719][797]LogModuleManager: Shutting down and abandoning module Media (243)
[2019.01.17-04.44.52:726][797]LogModuleManager: Shutting down and abandoning module PacketHandler (240)
[2019.01.17-04.44.52:727][797]LogModuleManager: Shutting down and abandoning module ClothingSystemEditor (238)
[2019.01.17-04.44.52:727][797]LogModuleManager: Shutting down and abandoning module ClothingSystemRuntime (236)
[2019.01.17-04.44.52:727][797]LogModuleManager: Shutting down and abandoning module MediaAssets (234)
[2019.01.17-04.44.52:727][797]LogModuleManager: Shutting down and abandoning module Overlay (232)
[2019.01.17-04.44.52:727][797]LogModuleManager: Shutting down and abandoning module OverlayEditor (231)
[2019.01.17-04.44.52:727][797]LogModuleManager: Shutting down and abandoning module VREditor (228)
[2019.01.17-04.44.52:727][797]LogModuleManager: Shutting down and abandoning module StringTableEditor (226)
[2019.01.17-04.44.52:727][797]LogModuleManager: Shutting down and abandoning module GameplayTasksEditor (224)
[2019.01.17-04.44.52:727][797]LogModuleManager: Shutting down and abandoning module BehaviorTreeEditor (222)
[2019.01.17-04.44.52:727][797]LogModuleManager: Shutting down and abandoning module FunctionalTesting (220)
[2019.01.17-04.44.52:727][797]LogModuleManager: Shutting down and abandoning module CollisionAnalyzer (218)
[2019.01.17-04.44.52:727][797]LogModuleManager: Shutting down and abandoning module WorkspaceMenuStructure (217)
[2019.01.17-04.44.52:727][797]LogModuleManager: Shutting down and abandoning module UMG (214)
[2019.01.17-04.44.52:728][797]LogModuleManager: Shutting down and abandoning module UMGEditor (213)
[2019.01.17-04.44.52:728][797]LogModuleManager: Shutting down and abandoning module Sequencer (212)
[2019.01.17-04.44.52:728][797]LogModuleManager: Shutting down and abandoning module MessageLog (209)
[2019.01.17-04.44.52:728][797]LogModuleManager: Shutting down and abandoning module SlateReflector (204)
[2019.01.17-04.44.52:728][797]LogModuleManager: Shutting down and abandoning module Slate (202)
[2019.01.17-04.44.52:728][797]LogModuleManager: Shutting down and abandoning module EditorStyle (200)
[2019.01.17-04.44.52:731][797]LogModuleManager: Shutting down and abandoning module MRMesh (198)
[2019.01.17-04.44.52:732][797]LogModuleManager: Shutting down and abandoning module SourceCodeAccess (196)
[2019.01.17-04.44.52:732][797]LogModuleManager: Shutting down and abandoning module HeadMountedDisplay (194)
[2019.01.17-04.44.52:732][797]LogModuleManager: Shutting down and abandoning module XAudio2 (192)
[2019.01.17-04.44.52:732][797]LogModuleManager: Shutting down and abandoning module Networking (190)
[2019.01.17-04.44.52:732][797]LogModuleManager: Shutting down and abandoning module Core (188)
[2019.01.17-04.44.52:732][797]LogModuleManager: Shutting down and abandoning module LevelSequence (186)
[2019.01.17-04.44.52:732][797]LogModuleManager: Shutting down and abandoning module KismetCompiler (184)
[2019.01.17-04.44.52:732][797]LogModuleManager: Shutting down and abandoning module MeshUtilities (182)
[2019.01.17-04.44.52:732][797]LogModuleManager: Shutting down and abandoning module MeshMergeUtilities (181)
[2019.01.17-04.44.52:732][797]LogModuleManager: Shutting down and abandoning module MeshReductionInterface (180)
[2019.01.17-04.44.52:732][797]LogModuleManager: Shutting down and abandoning module SimplygonSwarm (179)
[2019.01.17-04.44.52:732][797]LogModuleManager: Shutting down and abandoning module ProxyLODMeshReduction (177)
[2019.01.17-04.44.52:732][797]LogModuleManager: Shutting down and abandoning module SimplygonMeshReduction (175)
[2019.01.17-04.44.52:732][797]LogModuleManager: Shutting down and abandoning module QuadricMeshReduction (173)
[2019.01.17-04.44.52:732][797]LogModuleManager: Shutting down and abandoning module MaterialBaking (169)
[2019.01.17-04.44.52:732][797]LogModuleManager: Shutting down and abandoning module DirectoryWatcher (165)
[2019.01.17-04.44.52:732][797]LogModuleManager: Shutting down and abandoning module DerivedDataCache (162)
[2019.01.17-04.44.52:781][797]LogDerivedDataCache: Shutdown
[2019.01.17-04.44.52:781][797]LogModuleManager: Shutting down and abandoning module XGEController (160)
[2019.01.17-04.44.52:781][797]LogXGEController: Cleaning working directory: C:/Users/ianra/AppData/Local/Temp/UnrealXGEWorkingDir/
[2019.01.17-04.44.52:781][797]LogModuleManager: Shutting down and abandoning module TargetPlatform (158)
[2019.01.17-04.44.52:782][797]LogModuleManager: Shutting down and abandoning module VulkanShaderFormat (157)
[2019.01.17-04.44.52:782][797]LogModuleManager: Shutting down and abandoning module ShaderFormatVectorVM (155)
[2019.01.17-04.44.52:782][797]LogModuleManager: Shutting down and abandoning module ShaderFormatOpenGL (153)
[2019.01.17-04.44.52:782][797]LogModuleManager: Shutting down and abandoning module ShaderFormatD3D (151)
[2019.01.17-04.44.52:782][797]LogModuleManager: Shutting down and abandoning module MetalShaderFormat (149)
[2019.01.17-04.44.52:782][797]LogModuleManager: Shutting down and abandoning module TextureFormatUncompressed (147)
[2019.01.17-04.44.52:782][797]LogModuleManager: Shutting down and abandoning module TextureFormatPVR (145)
[2019.01.17-04.44.52:782][797]LogModuleManager: Shutting down and abandoning module TextureFormatDXT (143)
[2019.01.17-04.44.52:783][797]LogModuleManager: Shutting down and abandoning module TextureFormatIntelISPCTexComp (141)
[2019.01.17-04.44.52:783][797]LogModuleManager: Shutting down and abandoning module TextureFormatASTC (139)
[2019.01.17-04.44.52:783][797]LogModuleManager: Shutting down and abandoning module ImageWrapper (138)
[2019.01.17-04.44.52:783][797]LogModuleManager: Shutting down and abandoning module TextureFormatAndroid (135)
[2019.01.17-04.44.52:783][797]LogModuleManager: Shutting down and abandoning module AudioFormatOpus (133)
[2019.01.17-04.44.52:783][797]LogModuleManager: Shutting down and abandoning module AudioFormatOgg (131)
[2019.01.17-04.44.52:783][797]LogModuleManager: Shutting down and abandoning module AudioFormatADPCM (129)
[2019.01.17-04.44.52:783][797]LogModuleManager: Shutting down and abandoning module LuminTargetPlatform (127)
[2019.01.17-04.44.52:783][797]LogModuleManager: Shutting down and abandoning module LinuxTargetPlatform (125)
[2019.01.17-04.44.52:783][797]LogModuleManager: Shutting down and abandoning module LinuxServerTargetPlatform (123)
[2019.01.17-04.44.52:783][797]LogModuleManager: Shutting down and abandoning module LinuxNoEditorTargetPlatform (121)
[2019.01.17-04.44.52:783][797]LogModuleManager: Shutting down and abandoning module LinuxClientTargetPlatform (119)
[2019.01.17-04.44.52:783][797]LogModuleManager: Shutting down and abandoning module TVOSTargetPlatform (117)
[2019.01.17-04.44.52:786][797]LogModuleManager: Shutting down and abandoning module Messaging (115)
[2019.01.17-04.44.52:786][797]LogModuleManager: Shutting down and abandoning module IOSTargetPlatform (113)
[2019.01.17-04.44.52:807][797]LogModuleManager: Shutting down and abandoning module HTML5TargetPlatform (111)
[2019.01.17-04.44.52:807][797]LogModuleManager: Shutting down and abandoning module AndroidTargetPlatform (109)
[2019.01.17-04.44.52:926][797]LogModuleManager: Shutting down and abandoning module WindowsTargetPlatform (107)
[2019.01.17-04.44.52:926][797]LogModuleManager: Shutting down and abandoning module WindowsServerTargetPlatform (105)
[2019.01.17-04.44.52:926][797]LogModuleManager: Shutting down and abandoning module WindowsNoEditorTargetPlatform (103)
[2019.01.17-04.44.52:926][797]LogModuleManager: Shutting down and abandoning module WindowsClientTargetPlatform (101)
[2019.01.17-04.44.52:926][797]LogModuleManager: Shutting down and abandoning module MacTargetPlatform (99)
[2019.01.17-04.44.52:927][797]LogModuleManager: Shutting down and abandoning module MacServerTargetPlatform (97)
[2019.01.17-04.44.52:927][797]LogModuleManager: Shutting down and abandoning module MacNoEditorTargetPlatform (95)
[2019.01.17-04.44.52:927][797]LogModuleManager: Shutting down and abandoning module MacClientTargetPlatform (93)
[2019.01.17-04.44.52:927][797]LogModuleManager: Shutting down and abandoning module AllDesktopTargetPlatform (91)
[2019.01.17-04.44.52:927][797]LogModuleManager: Shutting down and abandoning module InputCore (88)
[2019.01.17-04.44.52:927][797]LogModuleManager: Shutting down and abandoning module Settings (86)
[2019.01.17-04.44.52:929][797]LogModuleManager: Shutting down and abandoning module PhysXCooking (84)
[2019.01.17-04.44.52:929][797]LogModuleManager: Shutting down and abandoning module SteamVR (82)
[2019.01.17-04.44.52:930][797]LogModuleManager: Shutting down and abandoning module OculusHMD (80)
[2019.01.17-04.44.52:930][797]LogModuleManager: Shutting down and abandoning module ExampleDeviceProfileSelector (78)
[2019.01.17-04.44.52:930][797]LogModuleManager: Shutting down and abandoning module LauncherChunkInstaller (76)
[2019.01.17-04.44.52:930][797]LogModuleManager: Shutting down and abandoning module OnlineBlueprintSupport (74)
[2019.01.17-04.44.52:930][797]LogModuleManager: Shutting down and abandoning module OnlineSubsystem (70)
[2019.01.17-04.44.52:934][797]LogModuleManager: Shutting down and abandoning module XMPP (65)
[2019.01.17-04.44.52:935][797]LogModuleManager: Shutting down and abandoning module WebSockets (64)
[2019.01.17-04.44.52:941][797]LogModuleManager: Shutting down and abandoning module HTTP (61)
[2019.01.17-04.44.52:941][797]LogHttp: Display: Http module shutting down, but needs to wait on 1 outstanding Http requests:
[2019.01.17-04.44.52:941][797]LogHttp: Display: 	verb=[POST] url=[https://datarouter.ol.epicgames.com/datarouter/api/v1/public/data?SessionID=%7B7394A1CC-498E-B3F6-24A1-50A1EEFA1FF3%7D&AppID=UEEditor.Rocket.Release&AppVersion=4.20.3-4369336%2B%2B%2BUE4%2BRelease-4.20&UserID=9bdd3c2d4453d5e84d0846b0cd6288da%7C74d1f127480344dd8548889d8dd87c4f%7Ceb3bc578-fe02-40c5-9ecd-cb0f00c31d45&AppEnvironment=datacollector-binary&UploadType=eteventstream] status=Processing
[2019.01.17-04.44.52:979][797]LogModuleManager: Shutting down and abandoning module SSL (60)
[2019.01.17-04.44.52:982][797]LogModuleManager: Shutting down and abandoning module MagicLeapEmulator (56)
[2019.01.17-04.44.52:982][797]LogModuleManager: Shutting down and abandoning module MagicLeapPrivileges (54)
[2019.01.17-04.44.52:982][797]LogModuleManager: Shutting down and abandoning module MagicLeapIdentity (52)
[2019.01.17-04.44.52:982][797]LogModuleManager: Shutting down and abandoning module MagicLeapHelperVulkan (50)
[2019.01.17-04.44.52:982][797]LogModuleManager: Shutting down and abandoning module MagicLeapHelperOpenGL (48)
[2019.01.17-04.44.52:982][797]LogModuleManager: Shutting down and abandoning module MagicLeapSecureStorage (46)
[2019.01.17-04.44.52:982][797]LogModuleManager: Shutting down and abandoning module MagicLeapGestures (44)
[2019.01.17-04.44.52:982][797]LogModuleManager: Shutting down and abandoning module MagicLeapEyeTracker (42)
[2019.01.17-04.44.52:982][797]LogModuleManager: Shutting down and abandoning module MagicLeapController (40)
[2019.01.17-04.44.52:987][797]LogSlate: Slate User Destroyed.  User Index 0, Is Virtual User: 0
[2019.01.17-04.44.52:987][797]LogModuleManager: Shutting down and abandoning module MagicLeap (38)
[2019.01.17-04.44.52:987][797]LogModuleManager: Shutting down and abandoning module AnimationModifiers (36)
[2019.01.17-04.44.52:987][797]LogModuleManager: Shutting down and abandoning module PropertyEditor (35)
[2019.01.17-04.44.52:987][797]LogModuleManager: Shutting down and abandoning module AudioEditor (32)
[2019.01.17-04.44.52:987][797]LogModuleManager: Shutting down and abandoning module TextureCompressor (30)
[2019.01.17-04.44.52:988][797]LogModuleManager: Shutting down and abandoning module ShaderCore (28)
[2019.01.17-04.44.52:988][797]LogModuleManager: Shutting down and abandoning module Landscape (26)
[2019.01.17-04.44.52:988][797]LogModuleManager: Shutting down and abandoning module SlateRHIRenderer (24)
[2019.01.17-04.44.52:988][797]LogModuleManager: Shutting down and abandoning module OpenGLDrv (22)
[2019.01.17-04.44.52:988][797]LogModuleManager: Shutting down and abandoning module D3D11RHI (20)
[2019.01.17-04.44.52:988][797]LogModuleManager: Shutting down and abandoning module AnimGraphRuntime (18)
[2019.01.17-04.44.52:988][797]LogModuleManager: Shutting down and abandoning module Renderer (16)
[2019.01.17-04.44.52:988][797]LogModuleManager: Shutting down and abandoning module Engine (14)
[2019.01.17-04.44.52:988][797]LogModuleManager: Shutting down and abandoning module CoreUObject (12)
[2019.01.17-04.44.52:988][797]LogModuleManager: Shutting down and abandoning module NetworkFile (10)
[2019.01.17-04.44.52:988][797]LogModuleManager: Shutting down and abandoning module CookedIterativeFile (8)
[2019.01.17-04.44.52:988][797]LogModuleManager: Shutting down and abandoning module StreamingFile (6)
[2019.01.17-04.44.52:988][797]LogModuleManager: Shutting down and abandoning module SandboxFile (4)
[2019.01.17-04.44.52:988][797]LogModuleManager: Shutting down and abandoning module PakFile (2)
[2019.01.17-04.44.53:001][797]LogExit: Exiting.
[2019.01.17-04.44.53:047][797]Log file closed, 01/16/19 21:44:53
